<?xml version="1.0" encoding="UTF-8"?>
<testsuite xmlns:xsi="http://www.w3.org/2001/XMLSchema-instance" xsi:noNamespaceSchemaLocation="https://maven.apache.org/surefire/maven-surefire-plugin/xsd/surefire-test-report.xsd" name="com.sdouichi.domainprocessor.DomainProcessorApplicationTests" time="123.834" tests="1" errors="0" skipped="0" failures="0">
  <properties>
    <property name="java.specification.version" value="19"/>
    <property name="sun.jnu.encoding" value="UTF-8"/>
    <property name="java.class.path" value="/home/sdouichi/Documents/training/code/adii-training/apps/kstream/domain-processor/target/test-classes:/home/sdouichi/Documents/training/code/adii-training/apps/kstream/domain-processor/target/classes:/home/sdouichi/.m2/repository/org/apache/kafka/kafka-streams/2.5.1/kafka-streams-2.5.1.jar:/home/sdouichi/.m2/repository/org/apache/kafka/kafka-clients/2.5.1/kafka-clients-2.5.1.jar:/home/sdouichi/.m2/repository/com/github/luben/zstd-jni/1.4.4-7/zstd-jni-1.4.4-7.jar:/home/sdouichi/.m2/repository/org/lz4/lz4-java/1.7.1/lz4-java-1.7.1.jar:/home/sdouichi/.m2/repository/org/xerial/snappy/snappy-java/1.1.7.3/snappy-java-1.1.7.3.jar:/home/sdouichi/.m2/repository/org/apache/kafka/connect-json/2.5.1/connect-json-2.5.1.jar:/home/sdouichi/.m2/repository/org/apache/kafka/connect-api/2.5.1/connect-api-2.5.1.jar:/home/sdouichi/.m2/repository/com/fasterxml/jackson/core/jackson-databind/2.11.4/jackson-databind-2.11.4.jar:/home/sdouichi/.m2/repository/com/fasterxml/jackson/core/jackson-annotations/2.11.4/jackson-annotations-2.11.4.jar:/home/sdouichi/.m2/repository/com/fasterxml/jackson/core/jackson-core/2.11.4/jackson-core-2.11.4.jar:/home/sdouichi/.m2/repository/com/fasterxml/jackson/datatype/jackson-datatype-jdk8/2.11.4/jackson-datatype-jdk8-2.11.4.jar:/home/sdouichi/.m2/repository/org/slf4j/slf4j-api/1.7.30/slf4j-api-1.7.30.jar:/home/sdouichi/.m2/repository/org/rocksdb/rocksdbjni/5.18.3/rocksdbjni-5.18.3.jar:/home/sdouichi/.m2/repository/org/springframework/cloud/spring-cloud-stream/3.0.12.RELEASE/spring-cloud-stream-3.0.12.RELEASE.jar:/home/sdouichi/.m2/repository/org/springframework/boot/spring-boot-starter-validation/2.3.10.RELEASE/spring-boot-starter-validation-2.3.10.RELEASE.jar:/home/sdouichi/.m2/repository/org/glassfish/jakarta.el/3.0.3/jakarta.el-3.0.3.jar:/home/sdouichi/.m2/repository/org/hibernate/validator/hibernate-validator/6.1.7.Final/hibernate-validator-6.1.7.Final.jar:/home/sdouichi/.m2/repository/jakarta/validation/jakarta.validation-api/2.0.2/jakarta.validation-api-2.0.2.jar:/home/sdouichi/.m2/repository/org/jboss/logging/jboss-logging/3.4.1.Final/jboss-logging-3.4.1.Final.jar:/home/sdouichi/.m2/repository/com/fasterxml/classmate/1.5.1/classmate-1.5.1.jar:/home/sdouichi/.m2/repository/org/springframework/spring-messaging/5.2.14.RELEASE/spring-messaging-5.2.14.RELEASE.jar:/home/sdouichi/.m2/repository/org/springframework/spring-beans/5.2.14.RELEASE/spring-beans-5.2.14.RELEASE.jar:/home/sdouichi/.m2/repository/org/springframework/integration/spring-integration-core/5.3.7.RELEASE/spring-integration-core-5.3.7.RELEASE.jar:/home/sdouichi/.m2/repository/org/springframework/spring-aop/5.2.14.RELEASE/spring-aop-5.2.14.RELEASE.jar:/home/sdouichi/.m2/repository/org/springframework/spring-context/5.2.14.RELEASE/spring-context-5.2.14.RELEASE.jar:/home/sdouichi/.m2/repository/org/springframework/spring-expression/5.2.14.RELEASE/spring-expression-5.2.14.RELEASE.jar:/home/sdouichi/.m2/repository/org/springframework/spring-tx/5.2.14.RELEASE/spring-tx-5.2.14.RELEASE.jar:/home/sdouichi/.m2/repository/io/projectreactor/reactor-core/3.3.16.RELEASE/reactor-core-3.3.16.RELEASE.jar:/home/sdouichi/.m2/repository/org/reactivestreams/reactive-streams/1.0.3/reactive-streams-1.0.3.jar:/home/sdouichi/.m2/repository/org/springframework/integration/spring-integration-jmx/5.3.7.RELEASE/spring-integration-jmx-5.3.7.RELEASE.jar:/home/sdouichi/.m2/repository/org/springframework/retry/spring-retry/1.2.5.RELEASE/spring-retry-1.2.5.RELEASE.jar:/home/sdouichi/.m2/repository/org/springframework/cloud/spring-cloud-function-context/3.0.14.RELEASE/spring-cloud-function-context-3.0.14.RELEASE.jar:/home/sdouichi/.m2/repository/net/jodah/typetools/0.6.2/typetools-0.6.2.jar:/home/sdouichi/.m2/repository/org/springframework/boot/spring-boot-autoconfigure/2.3.10.RELEASE/spring-boot-autoconfigure-2.3.10.RELEASE.jar:/home/sdouichi/.m2/repository/org/springframework/cloud/spring-cloud-function-core/3.0.14.RELEASE/spring-cloud-function-core-3.0.14.RELEASE.jar:/home/sdouichi/.m2/repository/javax/annotation/javax.annotation-api/1.3.2/javax.annotation-api-1.3.2.jar:/home/sdouichi/.m2/repository/org/springframework/cloud/spring-cloud-stream-binder-kafka-streams/3.0.12.RELEASE/spring-cloud-stream-binder-kafka-streams-3.0.12.RELEASE.jar:/home/sdouichi/.m2/repository/org/springframework/cloud/spring-cloud-stream-binder-kafka-core/3.0.12.RELEASE/spring-cloud-stream-binder-kafka-core-3.0.12.RELEASE.jar:/home/sdouichi/.m2/repository/org/springframework/integration/spring-integration-kafka/3.3.1.RELEASE/spring-integration-kafka-3.3.1.RELEASE.jar:/home/sdouichi/.m2/repository/org/springframework/kafka/spring-kafka/2.5.12.RELEASE/spring-kafka-2.5.12.RELEASE.jar:/home/sdouichi/.m2/repository/org/springframework/boot/spring-boot-starter-test/2.3.10.RELEASE/spring-boot-starter-test-2.3.10.RELEASE.jar:/home/sdouichi/.m2/repository/org/springframework/boot/spring-boot-starter/2.3.10.RELEASE/spring-boot-starter-2.3.10.RELEASE.jar:/home/sdouichi/.m2/repository/org/springframework/boot/spring-boot/2.3.10.RELEASE/spring-boot-2.3.10.RELEASE.jar:/home/sdouichi/.m2/repository/org/springframework/boot/spring-boot-starter-logging/2.3.10.RELEASE/spring-boot-starter-logging-2.3.10.RELEASE.jar:/home/sdouichi/.m2/repository/ch/qos/logback/logback-classic/1.2.3/logback-classic-1.2.3.jar:/home/sdouichi/.m2/repository/ch/qos/logback/logback-core/1.2.3/logback-core-1.2.3.jar:/home/sdouichi/.m2/repository/org/apache/logging/log4j/log4j-to-slf4j/2.13.3/log4j-to-slf4j-2.13.3.jar:/home/sdouichi/.m2/repository/org/apache/logging/log4j/log4j-api/2.13.3/log4j-api-2.13.3.jar:/home/sdouichi/.m2/repository/org/slf4j/jul-to-slf4j/1.7.30/jul-to-slf4j-1.7.30.jar:/home/sdouichi/.m2/repository/jakarta/annotation/jakarta.annotation-api/1.3.5/jakarta.annotation-api-1.3.5.jar:/home/sdouichi/.m2/repository/org/yaml/snakeyaml/1.26/snakeyaml-1.26.jar:/home/sdouichi/.m2/repository/org/springframework/boot/spring-boot-test/2.3.10.RELEASE/spring-boot-test-2.3.10.RELEASE.jar:/home/sdouichi/.m2/repository/org/springframework/boot/spring-boot-test-autoconfigure/2.3.10.RELEASE/spring-boot-test-autoconfigure-2.3.10.RELEASE.jar:/home/sdouichi/.m2/repository/com/jayway/jsonpath/json-path/2.4.0/json-path-2.4.0.jar:/home/sdouichi/.m2/repository/net/minidev/json-smart/2.3/json-smart-2.3.jar:/home/sdouichi/.m2/repository/net/minidev/accessors-smart/1.2/accessors-smart-1.2.jar:/home/sdouichi/.m2/repository/org/ow2/asm/asm/5.0.4/asm-5.0.4.jar:/home/sdouichi/.m2/repository/jakarta/xml/bind/jakarta.xml.bind-api/2.3.3/jakarta.xml.bind-api-2.3.3.jar:/home/sdouichi/.m2/repository/jakarta/activation/jakarta.activation-api/1.2.2/jakarta.activation-api-1.2.2.jar:/home/sdouichi/.m2/repository/org/assertj/assertj-core/3.16.1/assertj-core-3.16.1.jar:/home/sdouichi/.m2/repository/org/hamcrest/hamcrest/2.2/hamcrest-2.2.jar:/home/sdouichi/.m2/repository/org/junit/jupiter/junit-jupiter/5.6.3/junit-jupiter-5.6.3.jar:/home/sdouichi/.m2/repository/org/junit/jupiter/junit-jupiter-api/5.6.3/junit-jupiter-api-5.6.3.jar:/home/sdouichi/.m2/repository/org/apiguardian/apiguardian-api/1.1.0/apiguardian-api-1.1.0.jar:/home/sdouichi/.m2/repository/org/opentest4j/opentest4j/1.2.0/opentest4j-1.2.0.jar:/home/sdouichi/.m2/repository/org/junit/platform/junit-platform-commons/1.6.3/junit-platform-commons-1.6.3.jar:/home/sdouichi/.m2/repository/org/junit/jupiter/junit-jupiter-params/5.6.3/junit-jupiter-params-5.6.3.jar:/home/sdouichi/.m2/repository/org/junit/jupiter/junit-jupiter-engine/5.6.3/junit-jupiter-engine-5.6.3.jar:/home/sdouichi/.m2/repository/org/junit/platform/junit-platform-engine/1.6.3/junit-platform-engine-1.6.3.jar:/home/sdouichi/.m2/repository/org/mockito/mockito-core/3.3.3/mockito-core-3.3.3.jar:/home/sdouichi/.m2/repository/net/bytebuddy/byte-buddy/1.10.22/byte-buddy-1.10.22.jar:/home/sdouichi/.m2/repository/net/bytebuddy/byte-buddy-agent/1.10.22/byte-buddy-agent-1.10.22.jar:/home/sdouichi/.m2/repository/org/objenesis/objenesis/2.6/objenesis-2.6.jar:/home/sdouichi/.m2/repository/org/mockito/mockito-junit-jupiter/3.3.3/mockito-junit-jupiter-3.3.3.jar:/home/sdouichi/.m2/repository/org/skyscreamer/jsonassert/1.5.0/jsonassert-1.5.0.jar:/home/sdouichi/.m2/repository/com/vaadin/external/google/android-json/0.0.20131108.vaadin1/android-json-0.0.20131108.vaadin1.jar:/home/sdouichi/.m2/repository/org/springframework/spring-core/5.2.14.RELEASE/spring-core-5.2.14.RELEASE.jar:/home/sdouichi/.m2/repository/org/springframework/spring-jcl/5.2.14.RELEASE/spring-jcl-5.2.14.RELEASE.jar:/home/sdouichi/.m2/repository/org/springframework/spring-test/5.2.14.RELEASE/spring-test-5.2.14.RELEASE.jar:/home/sdouichi/.m2/repository/org/xmlunit/xmlunit-core/2.7.0/xmlunit-core-2.7.0.jar:/home/sdouichi/.m2/repository/org/springframework/cloud/spring-cloud-stream/3.0.12.RELEASE/spring-cloud-stream-3.0.12.RELEASE-test-binder.jar:"/>
    <property name="java.vm.vendor" value="Oracle Corporation"/>
    <property name="sun.arch.data.model" value="64"/>
    <property name="java.vendor.url" value="https://java.oracle.com/"/>
    <property name="os.name" value="Linux"/>
    <property name="java.vm.specification.version" value="19"/>
    <property name="sun.java.launcher" value="SUN_STANDARD"/>
    <property name="user.country" value="FR"/>
    <property name="sun.boot.library.path" value="/home/sdouichi/.jdks/openjdk-19.0.1/lib"/>
    <property name="sun.java.command" value="/home/sdouichi/Documents/training/code/adii-training/apps/kstream/domain-processor/target/surefire/surefirebooter11321350916681690715.jar /home/sdouichi/Documents/training/code/adii-training/apps/kstream/domain-processor/target/surefire 2022-12-22T11-22-51_987-jvmRun1 surefire12743331470085796019tmp surefire_016058030426931999775tmp"/>
    <property name="jdk.debug" value="release"/>
    <property name="surefire.test.class.path" value="/home/sdouichi/Documents/training/code/adii-training/apps/kstream/domain-processor/target/test-classes:/home/sdouichi/Documents/training/code/adii-training/apps/kstream/domain-processor/target/classes:/home/sdouichi/.m2/repository/org/apache/kafka/kafka-streams/2.5.1/kafka-streams-2.5.1.jar:/home/sdouichi/.m2/repository/org/apache/kafka/kafka-clients/2.5.1/kafka-clients-2.5.1.jar:/home/sdouichi/.m2/repository/com/github/luben/zstd-jni/1.4.4-7/zstd-jni-1.4.4-7.jar:/home/sdouichi/.m2/repository/org/lz4/lz4-java/1.7.1/lz4-java-1.7.1.jar:/home/sdouichi/.m2/repository/org/xerial/snappy/snappy-java/1.1.7.3/snappy-java-1.1.7.3.jar:/home/sdouichi/.m2/repository/org/apache/kafka/connect-json/2.5.1/connect-json-2.5.1.jar:/home/sdouichi/.m2/repository/org/apache/kafka/connect-api/2.5.1/connect-api-2.5.1.jar:/home/sdouichi/.m2/repository/com/fasterxml/jackson/core/jackson-databind/2.11.4/jackson-databind-2.11.4.jar:/home/sdouichi/.m2/repository/com/fasterxml/jackson/core/jackson-annotations/2.11.4/jackson-annotations-2.11.4.jar:/home/sdouichi/.m2/repository/com/fasterxml/jackson/core/jackson-core/2.11.4/jackson-core-2.11.4.jar:/home/sdouichi/.m2/repository/com/fasterxml/jackson/datatype/jackson-datatype-jdk8/2.11.4/jackson-datatype-jdk8-2.11.4.jar:/home/sdouichi/.m2/repository/org/slf4j/slf4j-api/1.7.30/slf4j-api-1.7.30.jar:/home/sdouichi/.m2/repository/org/rocksdb/rocksdbjni/5.18.3/rocksdbjni-5.18.3.jar:/home/sdouichi/.m2/repository/org/springframework/cloud/spring-cloud-stream/3.0.12.RELEASE/spring-cloud-stream-3.0.12.RELEASE.jar:/home/sdouichi/.m2/repository/org/springframework/boot/spring-boot-starter-validation/2.3.10.RELEASE/spring-boot-starter-validation-2.3.10.RELEASE.jar:/home/sdouichi/.m2/repository/org/glassfish/jakarta.el/3.0.3/jakarta.el-3.0.3.jar:/home/sdouichi/.m2/repository/org/hibernate/validator/hibernate-validator/6.1.7.Final/hibernate-validator-6.1.7.Final.jar:/home/sdouichi/.m2/repository/jakarta/validation/jakarta.validation-api/2.0.2/jakarta.validation-api-2.0.2.jar:/home/sdouichi/.m2/repository/org/jboss/logging/jboss-logging/3.4.1.Final/jboss-logging-3.4.1.Final.jar:/home/sdouichi/.m2/repository/com/fasterxml/classmate/1.5.1/classmate-1.5.1.jar:/home/sdouichi/.m2/repository/org/springframework/spring-messaging/5.2.14.RELEASE/spring-messaging-5.2.14.RELEASE.jar:/home/sdouichi/.m2/repository/org/springframework/spring-beans/5.2.14.RELEASE/spring-beans-5.2.14.RELEASE.jar:/home/sdouichi/.m2/repository/org/springframework/integration/spring-integration-core/5.3.7.RELEASE/spring-integration-core-5.3.7.RELEASE.jar:/home/sdouichi/.m2/repository/org/springframework/spring-aop/5.2.14.RELEASE/spring-aop-5.2.14.RELEASE.jar:/home/sdouichi/.m2/repository/org/springframework/spring-context/5.2.14.RELEASE/spring-context-5.2.14.RELEASE.jar:/home/sdouichi/.m2/repository/org/springframework/spring-expression/5.2.14.RELEASE/spring-expression-5.2.14.RELEASE.jar:/home/sdouichi/.m2/repository/org/springframework/spring-tx/5.2.14.RELEASE/spring-tx-5.2.14.RELEASE.jar:/home/sdouichi/.m2/repository/io/projectreactor/reactor-core/3.3.16.RELEASE/reactor-core-3.3.16.RELEASE.jar:/home/sdouichi/.m2/repository/org/reactivestreams/reactive-streams/1.0.3/reactive-streams-1.0.3.jar:/home/sdouichi/.m2/repository/org/springframework/integration/spring-integration-jmx/5.3.7.RELEASE/spring-integration-jmx-5.3.7.RELEASE.jar:/home/sdouichi/.m2/repository/org/springframework/retry/spring-retry/1.2.5.RELEASE/spring-retry-1.2.5.RELEASE.jar:/home/sdouichi/.m2/repository/org/springframework/cloud/spring-cloud-function-context/3.0.14.RELEASE/spring-cloud-function-context-3.0.14.RELEASE.jar:/home/sdouichi/.m2/repository/net/jodah/typetools/0.6.2/typetools-0.6.2.jar:/home/sdouichi/.m2/repository/org/springframework/boot/spring-boot-autoconfigure/2.3.10.RELEASE/spring-boot-autoconfigure-2.3.10.RELEASE.jar:/home/sdouichi/.m2/repository/org/springframework/cloud/spring-cloud-function-core/3.0.14.RELEASE/spring-cloud-function-core-3.0.14.RELEASE.jar:/home/sdouichi/.m2/repository/javax/annotation/javax.annotation-api/1.3.2/javax.annotation-api-1.3.2.jar:/home/sdouichi/.m2/repository/org/springframework/cloud/spring-cloud-stream-binder-kafka-streams/3.0.12.RELEASE/spring-cloud-stream-binder-kafka-streams-3.0.12.RELEASE.jar:/home/sdouichi/.m2/repository/org/springframework/cloud/spring-cloud-stream-binder-kafka-core/3.0.12.RELEASE/spring-cloud-stream-binder-kafka-core-3.0.12.RELEASE.jar:/home/sdouichi/.m2/repository/org/springframework/integration/spring-integration-kafka/3.3.1.RELEASE/spring-integration-kafka-3.3.1.RELEASE.jar:/home/sdouichi/.m2/repository/org/springframework/kafka/spring-kafka/2.5.12.RELEASE/spring-kafka-2.5.12.RELEASE.jar:/home/sdouichi/.m2/repository/org/springframework/boot/spring-boot-starter-test/2.3.10.RELEASE/spring-boot-starter-test-2.3.10.RELEASE.jar:/home/sdouichi/.m2/repository/org/springframework/boot/spring-boot-starter/2.3.10.RELEASE/spring-boot-starter-2.3.10.RELEASE.jar:/home/sdouichi/.m2/repository/org/springframework/boot/spring-boot/2.3.10.RELEASE/spring-boot-2.3.10.RELEASE.jar:/home/sdouichi/.m2/repository/org/springframework/boot/spring-boot-starter-logging/2.3.10.RELEASE/spring-boot-starter-logging-2.3.10.RELEASE.jar:/home/sdouichi/.m2/repository/ch/qos/logback/logback-classic/1.2.3/logback-classic-1.2.3.jar:/home/sdouichi/.m2/repository/ch/qos/logback/logback-core/1.2.3/logback-core-1.2.3.jar:/home/sdouichi/.m2/repository/org/apache/logging/log4j/log4j-to-slf4j/2.13.3/log4j-to-slf4j-2.13.3.jar:/home/sdouichi/.m2/repository/org/apache/logging/log4j/log4j-api/2.13.3/log4j-api-2.13.3.jar:/home/sdouichi/.m2/repository/org/slf4j/jul-to-slf4j/1.7.30/jul-to-slf4j-1.7.30.jar:/home/sdouichi/.m2/repository/jakarta/annotation/jakarta.annotation-api/1.3.5/jakarta.annotation-api-1.3.5.jar:/home/sdouichi/.m2/repository/org/yaml/snakeyaml/1.26/snakeyaml-1.26.jar:/home/sdouichi/.m2/repository/org/springframework/boot/spring-boot-test/2.3.10.RELEASE/spring-boot-test-2.3.10.RELEASE.jar:/home/sdouichi/.m2/repository/org/springframework/boot/spring-boot-test-autoconfigure/2.3.10.RELEASE/spring-boot-test-autoconfigure-2.3.10.RELEASE.jar:/home/sdouichi/.m2/repository/com/jayway/jsonpath/json-path/2.4.0/json-path-2.4.0.jar:/home/sdouichi/.m2/repository/net/minidev/json-smart/2.3/json-smart-2.3.jar:/home/sdouichi/.m2/repository/net/minidev/accessors-smart/1.2/accessors-smart-1.2.jar:/home/sdouichi/.m2/repository/org/ow2/asm/asm/5.0.4/asm-5.0.4.jar:/home/sdouichi/.m2/repository/jakarta/xml/bind/jakarta.xml.bind-api/2.3.3/jakarta.xml.bind-api-2.3.3.jar:/home/sdouichi/.m2/repository/jakarta/activation/jakarta.activation-api/1.2.2/jakarta.activation-api-1.2.2.jar:/home/sdouichi/.m2/repository/org/assertj/assertj-core/3.16.1/assertj-core-3.16.1.jar:/home/sdouichi/.m2/repository/org/hamcrest/hamcrest/2.2/hamcrest-2.2.jar:/home/sdouichi/.m2/repository/org/junit/jupiter/junit-jupiter/5.6.3/junit-jupiter-5.6.3.jar:/home/sdouichi/.m2/repository/org/junit/jupiter/junit-jupiter-api/5.6.3/junit-jupiter-api-5.6.3.jar:/home/sdouichi/.m2/repository/org/apiguardian/apiguardian-api/1.1.0/apiguardian-api-1.1.0.jar:/home/sdouichi/.m2/repository/org/opentest4j/opentest4j/1.2.0/opentest4j-1.2.0.jar:/home/sdouichi/.m2/repository/org/junit/platform/junit-platform-commons/1.6.3/junit-platform-commons-1.6.3.jar:/home/sdouichi/.m2/repository/org/junit/jupiter/junit-jupiter-params/5.6.3/junit-jupiter-params-5.6.3.jar:/home/sdouichi/.m2/repository/org/junit/jupiter/junit-jupiter-engine/5.6.3/junit-jupiter-engine-5.6.3.jar:/home/sdouichi/.m2/repository/org/junit/platform/junit-platform-engine/1.6.3/junit-platform-engine-1.6.3.jar:/home/sdouichi/.m2/repository/org/mockito/mockito-core/3.3.3/mockito-core-3.3.3.jar:/home/sdouichi/.m2/repository/net/bytebuddy/byte-buddy/1.10.22/byte-buddy-1.10.22.jar:/home/sdouichi/.m2/repository/net/bytebuddy/byte-buddy-agent/1.10.22/byte-buddy-agent-1.10.22.jar:/home/sdouichi/.m2/repository/org/objenesis/objenesis/2.6/objenesis-2.6.jar:/home/sdouichi/.m2/repository/org/mockito/mockito-junit-jupiter/3.3.3/mockito-junit-jupiter-3.3.3.jar:/home/sdouichi/.m2/repository/org/skyscreamer/jsonassert/1.5.0/jsonassert-1.5.0.jar:/home/sdouichi/.m2/repository/com/vaadin/external/google/android-json/0.0.20131108.vaadin1/android-json-0.0.20131108.vaadin1.jar:/home/sdouichi/.m2/repository/org/springframework/spring-core/5.2.14.RELEASE/spring-core-5.2.14.RELEASE.jar:/home/sdouichi/.m2/repository/org/springframework/spring-jcl/5.2.14.RELEASE/spring-jcl-5.2.14.RELEASE.jar:/home/sdouichi/.m2/repository/org/springframework/spring-test/5.2.14.RELEASE/spring-test-5.2.14.RELEASE.jar:/home/sdouichi/.m2/repository/org/xmlunit/xmlunit-core/2.7.0/xmlunit-core-2.7.0.jar:/home/sdouichi/.m2/repository/org/springframework/cloud/spring-cloud-stream/3.0.12.RELEASE/spring-cloud-stream-3.0.12.RELEASE-test-binder.jar:"/>
    <property name="sun.cpu.endian" value="little"/>
    <property name="user.home" value="/home/sdouichi"/>
    <property name="user.language" value="fr"/>
    <property name="java.specification.vendor" value="Oracle Corporation"/>
    <property name="java.version.date" value="2022-10-18"/>
    <property name="java.home" value="/home/sdouichi/.jdks/openjdk-19.0.1"/>
    <property name="file.separator" value="/"/>
    <property name="basedir" value="/home/sdouichi/Documents/training/code/adii-training/apps/kstream/domain-processor"/>
    <property name="java.vm.compressedOopsMode" value="Zero based"/>
    <property name="line.separator" value="&#10;"/>
    <property name="java.specification.name" value="Java Platform API Specification"/>
    <property name="java.vm.specification.vendor" value="Oracle Corporation"/>
    <property name="surefire.real.class.path" value="/home/sdouichi/Documents/training/code/adii-training/apps/kstream/domain-processor/target/surefire/surefirebooter11321350916681690715.jar"/>
    <property name="sun.management.compiler" value="HotSpot 64-Bit Tiered Compilers"/>
    <property name="java.runtime.version" value="19.0.1+10-21"/>
    <property name="user.name" value="sdouichi"/>
    <property name="stdout.encoding" value="UTF-8"/>
    <property name="path.separator" value=":"/>
    <property name="os.version" value="5.4.0-135-generic"/>
    <property name="java.runtime.name" value="OpenJDK Runtime Environment"/>
    <property name="file.encoding" value="UTF-8"/>
    <property name="java.vm.name" value="OpenJDK 64-Bit Server VM"/>
    <property name="localRepository" value="/home/sdouichi/.m2/repository"/>
    <property name="java.vendor.url.bug" value="https://bugreport.java.com/bugreport/"/>
    <property name="java.io.tmpdir" value="/tmp"/>
    <property name="idea.version" value="2022.2.3"/>
    <property name="java.version" value="19.0.1"/>
    <property name="user.dir" value="/home/sdouichi/Documents/training/code/adii-training/apps/kstream/domain-processor"/>
    <property name="os.arch" value="amd64"/>
    <property name="java.vm.specification.name" value="Java Virtual Machine Specification"/>
    <property name="native.encoding" value="UTF-8"/>
    <property name="java.library.path" value="/usr/java/packages/lib:/usr/lib64:/lib64:/lib:/usr/lib"/>
    <property name="java.vm.info" value="mixed mode, sharing"/>
    <property name="stderr.encoding" value="UTF-8"/>
    <property name="java.vendor" value="Oracle Corporation"/>
    <property name="java.vm.version" value="19.0.1+10-21"/>
    <property name="sun.io.unicode.encoding" value="UnicodeLittle"/>
    <property name="java.class.version" value="63.0"/>
  </properties>
  <testcase name="contextLoads" classname="com.sdouichi.domainprocessor.DomainProcessorApplicationTests" time="0.557"/>
</testsuite>